<?xml version="1.0" encoding="UTF-8"?>
<!-- Generated by org.testng.reporters.JUnitXMLReporter -->
<testsuite ignored="0" hostname="MAVPUN1121205" failures="2" tests="9" name="TestNG" time="0.041" errors="0" timestamp="2024-08-08T21:19:13 IST">
  <testcase classname="session41_RetryFailedTestCases.TestCasesExample" name="tc01" time="0.006">
    <skipped/>
  </testcase> <!-- tc01 -->
  <testcase classname="session41_RetryFailedTestCases.TestCasesExample" name="tc01" time="0.001">
    <skipped/>
  </testcase> <!-- tc01 -->
  <testcase classname="session41_RetryFailedTestCases.TestCasesExample" name="tc01" time="0.001">
    <skipped/>
  </testcase> <!-- tc01 -->
  <testcase classname="session41_RetryFailedTestCases.TestCasesExample" name="tc01" time="0.0">
    <failure type="java.lang.AssertionError" message="expected [true] but found [false]">
      <![CDATA[java.lang.AssertionError: expected [true] but found [false]
at session41_RetryFailedTestCases.TestCasesExample.tc01(TestCasesExample.java:10)
at java.base/java.util.ArrayList.forEach(ArrayList.java:1511)
... Removed 31 stack frames]]>
    </failure>
  </testcase> <!-- tc01 -->
  <testcase classname="session41_RetryFailedTestCases.TestCasesExample" name="tc02" time="0.001">
    <skipped/>
  </testcase> <!-- tc02 -->
  <testcase classname="session41_RetryFailedTestCases.TestCasesExample" name="tc02" time="0.0">
    <skipped/>
  </testcase> <!-- tc02 -->
  <testcase classname="session41_RetryFailedTestCases.TestCasesExample" name="tc02" time="0.001">
    <skipped/>
  </testcase> <!-- tc02 -->
  <testcase classname="session41_RetryFailedTestCases.TestCasesExample" name="tc02" time="0.001">
    <failure type="java.lang.AssertionError" message="expected [true] but found [false]">
      <![CDATA[java.lang.AssertionError: expected [true] but found [false]
at session41_RetryFailedTestCases.TestCasesExample.tc02(TestCasesExample.java:15)
at java.base/java.util.ArrayList.forEach(ArrayList.java:1511)
... Removed 31 stack frames]]>
    </failure>
  </testcase> <!-- tc02 -->
  <testcase classname="session41_RetryFailedTestCases.TestCasesExample" name="tc03" time="0.0"/>
</testsuite> <!-- TestNG -->
